Key.alt
Key.tab
Key.ctrl
w
Key.ctrl
w
'
w
Key.alt
Key.tab
Key.tab
Key.ctrl
t
d
i
c
o
r
d
.
c
o
m
Key.enter
Key.alt
Key.tab
g
i
t
Key.space
i
n
i
t
Key.enter
g
i
t
Key.space
s
t
a
t
u
s
Key.enter
g
i
t
Key.space
a
d
d
Key.space
.
Key.enter
g
i
t
Key.space
o
c
m
m
Key.backspace
Key.backspace
Key.backspace
Key.backspace
c
o
m
m
i
t
Key.space
-
a
m
Key.space
-
Key.backspace
Key.shift
"
"
Key.left
Key.shift
:
t
a
d
a
Key.shift
:
Key.space
i
n
i
t
i
a
l
Key.space
c
o
m
m
i
t
Key.enter
Key.ctrl
l
g
u
t
Key.space
Key.backspace
Key.backspace
Key.backspace
i
t
Key.space
s
t
a
t
Key.right
Key.enter
Key.ctrl
l
g
i
t
Key.space
a
d
d
Key.space
f
i
l
e
.
l
o
g
Key.enter
g
i
t
Key.space
c
o
m
m
i
t
Key.right
Key.enter
Key.ctrl
Key.shift
C
Key.ctrl
Key.shift
V
Key.space
-
-
y
u
s
Key.backspace
Key.backspace
Key.backspace
u
s
e
r
.
n
a
m
e
Key.space
Key.shift
"
"
Key.left
e
s
t
e
v
a
m
s
Key.backspace
5
s
Key.enter
Key.up
Key.left
Key.left
Key.left
Key.left
Key.left
Key.left
Key.left
Key.left
Key.left
Key.left
Key.left
Key.left
Key.left
Key.left
Key.left
Key.left
Key.left
Key.left
Key.left
Key.left
Key.right
Key.right
Key.right
n
a
m
e
Key.enter
Key.up
Key.up
Key.enter
Key.alt
Key.tab
Key.alt
Key.tab
e
x
Key.backspace
Key.backspace
Key.backspace
Key.ctrl
l
Key.alt
Key.tab
Key.enter
d
i
a
Key.backspace
s
c
o
r
d
Key.backspace
k
e
y
l
o
g
g
e
r
Key.alt
Key.tab
Key.up
Key.ctrl
Key.shift
C
Key.up
Key.down
Key.left
Key.left
Key.left
Key.left
Key.left
Key.left
Key.left
Key.left
Key.left
Key.left
Key.left
Key.left
Key.left
Key.left
Key.left
Key.left
Key.left
Key.left
Key.left
Key.left
Key.left
Key.backspace
Key.enter
Key.up
Key.left
Key.up
Key.left
Key.left
Key.left
Key.left
Key.left
Key.left
Key.left
Key.left
Key.left
Key.left
Key.left
Key.left
Key.left
Key.left
Key.left
Key.left
Key.left
Key.left
Key.left
Key.left
Key.left
Key.space
Key.enter
Key.up
Key.left
Key.left
Key.left
Key.right
Key.right
Key.backspace
Key.backspace
Key.backspace
Key.backspace
a
m
s
o
u
z
a
l
a
Key.backspace
Key.backspace
Key.backspace
a
l
a
u
r
e
t
h
Key.shift
@
g
m
a
i
l
.
c
o
m
Key.left
Key.left
Key.left
Key.left
Key.left
Key.left
Key.left
Key.left
Key.left
Key.left
Key.left
Key.left
Key.left
Key.left
Key.left
Key.left
Key.left
Key.left
Key.left
Key.left
Key.left
Key.left
Key.left
Key.left
Key.left
Key.left
Key.left
Key.left
Key.left
Key.left
Key.left
Key.left
Key.right
Key.backspace
Key.backspace
Key.backspace
Key.backspace
e
m
a
i
l
Key.enter
Key.ctrl
l
Key.up
Key.up
Key.up
Key.up
Key.up
Key.up
Key.up
Key.up
Key.down
Key.up
Key.up
Key.up
Key.down
Key.enter
g
i
t
Key.space
a
d
d
Key.space
f
i
l
Key.tab
Key.enter
g
i
t
Key.space
c
o
m
m
i
t
Key.space
-
a
Key.space
Key.shift
"
"
Key.left
Key.shift
:
t
a
d
a
Key.space
Key.backspace
Key.shift
:
Key.space
i
n
i
t
i
a
l
Key.space
c
o
m
m
i
t
Key.enter
Key.up
Key.left
Key.left
Key.left
Key.left
Key.left
Key.left
Key.left
Key.left
Key.left
Key.left
Key.left
Key.left
Key.left
Key.left
Key.left
Key.left
Key.left
Key.left
Key.left
Key.left
Key.left
Key.left
Key.left
Key.left
m
Key.enter
Key.ctrl
l
Key.alt
Key.tab
Key.alt
Key.tab
Key.ctrl
Key.shift
V
Key.right
Key.left
Key.left
Key.left
Key.left
Key.left
Key.left
Key.right
Key.backspace
Key.backspace
Key.backspace
Key.backspace
Key.backspace
Key.backspace
k
e
y
l
o
g
g
e
r
Key.left
Key.left
Key.left
Key.left
Key.left
Key.left
Key.left
Key.left
Key.left
Key.left
Key.left
Key.left
Key.left
Key.left
Key.left
Key.left
Key.left
Key.left
Key.left
Key.left
Key.left
Key.left
Key.left
Key.left
Key.left
Key.left
Key.left
Key.left
Key.left
Key.left
Key.left
Key.left
Key.left
Key.left
Key.left
Key.left
Key.left
Key.left
Key.left
Key.left
Key.left
Key.left
Key.left
Key.left
Key.left
Key.left
Key.left
Key.left
Key.left
Key.left
Key.left
Key.left
Key.left
Key.left
Key.left
Key.left
Key.left
Key.left
Key.left
Key.left
Key.left
Key.left
Key.left
Key.left
Key.left
Key.left
Key.left
Key.left
Key.left
Key.left
Key.left
Key.left
Key.left
Key.left
Key.left
Key.left
Key.left
Key.left
Key.left
Key.left
Key.left
Key.left
Key.left
Key.left
Key.backspace
Key.backspace
Key.backspace
Key.backspace
Key.backspace
Key.backspace
k
e
y
l
o
g
g
e
r
Key.enter
e
s
t
e
v
a
m
5
s
Key.enter
Key.shift
R
e
s
p
i
r
a
Key.shift
@
1
1
0
0
Key.enter
Key.alt
Key.tab
Key.cmd
Key.ctrl
Key.esc
Key.cmd
Key.ctrl
Key.esc
r
Key.enter
Key.alt
Key.tab
Key.alt
Key.tab
Key.alt
Key.tab
Key.tab
Key.alt
Key.tab
Key.tab
Key.tab
Key.ctrl
c
